[01m[K/home/ravi/robotics/catkin_tf/src/learning_tf/src/turtle_tf_broadcaster.cpp:[m[K In function â€˜[01m[Kvoid poseCallback(const PoseConstPtr&)[m[Kâ€™:
[01m[K/home/ravi/robotics/catkin_tf/src/learning_tf/src/turtle_tf_broadcaster.cpp:8:14:[m[K [01;31m[Kerror: [m[Kâ€˜[01m[KtransformBroadcaster[m[Kâ€™ in namespace â€˜[01m[Ktf[m[Kâ€™ does not name a type
   static tf::transformBroadcaster br;
[01;32m[K              ^[m[K
[01m[K/home/ravi/robotics/catkin_tf/src/learning_tf/src/turtle_tf_broadcaster.cpp:14:3:[m[K [01;31m[Kerror: [m[Kâ€˜[01m[Kbr[m[Kâ€™ was not declared in this scope
   br.sendTransform(tf::StampedTransform(transform, ros::Time::now(), "world", turtle_name));
[01;32m[K   ^[m[K
make[2]: *** [CMakeFiles/turtle_tf_broadcaster.dir/src/turtle_tf_broadcaster.cpp.o] Error 1
make[1]: *** [CMakeFiles/turtle_tf_broadcaster.dir/all] Error 2
make: *** [all] Error 2
